<?xml version="1.0" encoding="UTF-8"?>
<!-- Generated by org.testng.reporters.JUnitReportReporter -->
<testsuite hostname="DESKTOP-2FLLKU8" failures="0" tests="1" name="com.DDF.businessscripts.Login" time="9.314" errors="0" timestamp="2021-10-12T16:06:51 IST" skipped="0">
  <testcase classname="com.DDF.businessscripts.Login" name="loginTest" time="9.314"/>
  <system-out/>
</testsuite> <!-- com.DDF.businessscripts.Login -->
