<?xml version="1.0" encoding="UTF-8"?>
<!-- Generated by org.testng.reporters.JUnitReportReporter -->
<testsuite hostname="DESKTOP-2FLLKU8" failures="0" tests="1" name="com.DDF.businessscripts.Login" time="5.023" errors="0" timestamp="2021-10-19T17:09:41 IST" skipped="0">
  <testcase classname="com.DDF.businessscripts.Login" name="loginTest" time="5.023"/>
  <system-out/>
</testsuite> <!-- com.DDF.businessscripts.Login -->
